<?xml version="1.0" encoding="UTF-8"?>
<testng-results ignored="0" total="1" passed="1" failed="0" skipped="0">
  <reporter-output>
  </reporter-output>
  <suite started-at="2019-10-17T14:28:14 YEKT" name="org.example.AppTest" finished-at="2019-10-17T14:28:15 YEKT" duration-ms="974">
    <groups>
    </groups>
    <test started-at="2019-10-17T14:28:14 YEKT" name="Command line test" finished-at="2019-10-17T14:28:15 YEKT" duration-ms="974">
      <class name="org.example.AppTest">
        <test-method is-config="true" signature="setup()[pri:0, instance:org.example.AppTest@4b1c1ea0]" started-at="2019-10-17T14:28:14 YEKT" name="setup" finished-at="2019-10-17T14:28:14 YEKT" duration-ms="4" status="PASS">
          <reporter-output>
          </reporter-output>
        </test-method> <!-- setup -->
        <test-method signature="shouldAnswerWithTrue()[pri:0, instance:org.example.AppTest@4b1c1ea0]" started-at="2019-10-17T14:28:14 YEKT" name="shouldAnswerWithTrue" finished-at="2019-10-17T14:28:15 YEKT" duration-ms="946" status="PASS">
          <reporter-output>
          </reporter-output>
        </test-method> <!-- shouldAnswerWithTrue -->
      </class> <!-- org.example.AppTest -->
    </test> <!-- Command line test -->
  </suite> <!-- org.example.AppTest -->
</testng-results>
